{
  "RSpec": {
    "coverage": {
      "/home/ahsanul/shorturl/spec/sinatra_helper.rb": [
        1,
        1,
        1,
        1,
        1,
        1,
        1,
        1,
        null,
        1,
        1,
        null,
        1,
        1,
        null,
        1,
        11,
        null,
        null,
        null,
        1,
        1,
        null
      ],
      "/home/ahsanul/shorturl/spec/controllers/healthz_controller_spec.rb": [
        1,
        1,
        null,
        1,
        1,
        2,
        1,
        1,
        null,
        1,
        1,
        null,
        null,
        null
      ],
      "/home/ahsanul/shorturl/app/controllers/application_controller.rb": [
        1,
        null,
        1,
        null,
        1,
        13,
        null,
        null,
        1,
        1,
        11,
        null,
        1,
        null,
        null,
        null,
        1,
        null,
        1,
        7,
        null,
        null,
        1,
        3,
        null,
        null
      ],
      "/home/ahsanul/shorturl/app/controllers/healthz_controller.rb": [
        1,
        null,
        1,
        1,
        null,
        null
      ],
      "/home/ahsanul/shorturl/spec/controllers/home_controller_spec.rb": [
        1,
        1,
        null,
        1,
        1,
        2,
        1,
        1,
        null,
        1,
        1,
        null,
        null,
        null,
        1,
        3,
        1,
        2,
        2,
        2,
        2,
        null,
        null,
        1,
        1,
        null,
        1,
        null,
        null,
        1,
        1,
        null,
        1,
        1,
        null,
        null,
        null
      ],
      "/home/ahsanul/shorturl/app/controllers/home_controller.rb": [
        1,
        1,
        2,
        2,
        1,
        null,
        1,
        1,
        null,
        null,
        null,
        1,
        1,
        null,
        null
      ],
      "/home/ahsanul/shorturl/spec/controllers/url_controller_spec.rb": [
        1,
        1,
        1,
        1,
        1,
        1,
        null,
        1,
        1,
        1,
        1,
        1,
        null,
        1,
        null,
        null,
        null,
        null,
        1,
        2,
        null,
        1,
        1,
        1,
        null,
        1,
        1,
        null,
        null,
        1,
        1,
        1,
        null,
        1,
        1,
        1,
        null,
        null,
        1,
        1,
        1,
        1,
        null,
        1,
        null,
        null,
        1,
        1,
        1,
        1,
        1,
        1,
        1,
        1,
        null,
        null,
        null,
        1,
        3,
        1,
        null,
        1,
        2,
        null,
        null,
        1,
        1,
        1,
        1,
        null,
        null,
        1,
        1,
        null,
        1,
        1,
        null,
        null,
        null
      ],
      "/home/ahsanul/shorturl/app/controllers/url_controller.rb": [
        1,
        null,
        1,
        null,
        1,
        null,
        null,
        1,
        5,
        null,
        3,
        3,
        1,
        1,
        1,
        null,
        2,
        2,
        null,
        null,
        null,
        1,
        3,
        3,
        2,
        2,
        null,
        1,
        1,
        null,
        null,
        null,
        null,
        1,
        1,
        4,
        null,
        null
      ],
      "/home/ahsanul/shorturl/app/models/url.rb": [
        1,
        1,
        null
      ],
      "/home/ahsanul/shorturl/app/services/base.rb": [
        1,
        null,
        1,
        1,
        1,
        1,
        null,
        1,
        null,
        1,
        null,
        1,
        3,
        3,
        null,
        null,
        null,
        1,
        0,
        null,
        null,
        null,
        1,
        null,
        1,
        1,
        2,
        null,
        null,
        null
      ],
      "/home/ahsanul/shorturl/app/services/url_service.rb": [
        1,
        1,
        null,
        1,
        3,
        null,
        null
      ],
      "/home/ahsanul/shorturl/app/services/url_service/create.rb": [
        1,
        1,
        1,
        1,
        3,
        3,
        null,
        null,
        1,
        3,
        null,
        1,
        1,
        1,
        1,
        null,
        null,
        1,
        null,
        1,
        null,
        1,
        7,
        1,
        1,
        null,
        null,
        null
      ],
      "/home/ahsanul/shorturl/app/serializers/url_serializer.rb": [
        1,
        1,
        3,
        null,
        null,
        1,
        3,
        null,
        null,
        null,
        null,
        null
      ]
    },
    "timestamp": 1537516060
  }
}
